[1.635s] Invoking command in '/mnt/c/Users/luism/Documents/PhD/dummy_v2/workspace/src/dummy_description': PYTHONPATH=/mnt/c/Users/luism/Documents/PhD/dummy_v2/workspace/build/dummy_description/prefix_override:/usr/lib/python3/dist-packages/colcon_core/task/python/colcon_distutils_commands:/mnt/c/Users/luism/Documents/PhD/dummy_v2/workspace/install/dummy_description/lib/python3.10/site-packages:${PYTHONPATH} WSLENV=ELECTRON_RUN_AS_NODE/w:WT_SESSION:WT_PROFILE_ID: /usr/bin/python3 -W ignore:setup.py install is deprecated setup.py egg_info --egg-base ../../build/dummy_description build --build-base /mnt/c/Users/luism/Documents/PhD/dummy_v2/workspace/build/dummy_description/build install --record /mnt/c/Users/luism/Documents/PhD/dummy_v2/workspace/build/dummy_description/install.log --install-scripts $base/lib/dummy_description --single-version-externally-managed install_data
[2.241s] /home/rhobtor/.local/lib/python3.10/site-packages/setuptools/dist.py:771: UserWarning: Usage of dash-separated 'script-dir' will not be supported in future versions. Please use the underscore name 'script_dir' instead
[2.241s]   warnings.warn(
[2.368s] running egg_info
[2.385s] writing ../../build/dummy_description/dummy_description.egg-info/PKG-INFO
[2.390s] writing dependency_links to ../../build/dummy_description/dummy_description.egg-info/dependency_links.txt
[2.396s] writing requirements to ../../build/dummy_description/dummy_description.egg-info/requires.txt
[2.398s] writing top-level names to ../../build/dummy_description/dummy_description.egg-info/top_level.txt
[2.491s] reading manifest file '../../build/dummy_description/dummy_description.egg-info/SOURCES.txt'
[2.710s] writing manifest file '../../build/dummy_description/dummy_description.egg-info/SOURCES.txt'
[2.719s] running build
[2.725s] running build_py
[2.734s] running install
[2.739s] running install_lib
[2.787s] running install_data
[2.814s] copying launch/gazebo.launch.py -> /mnt/c/Users/luism/Documents/PhD/dummy_v2/workspace/install/dummy_description/share/dummy_description/launch
[2.844s] copying urdf/dummy.xacro -> /mnt/c/Users/luism/Documents/PhD/dummy_v2/workspace/install/dummy_description/share/dummy_description/urdf
[2.981s] copying meshes/Joint2_3.stl -> /mnt/c/Users/luism/Documents/PhD/dummy_v2/workspace/install/dummy_description/share/dummy_description/meshes
[3.133s] running install_egg_info
[3.155s] removing '/mnt/c/Users/luism/Documents/PhD/dummy_v2/workspace/install/dummy_description/lib/python3.10/site-packages/dummy_description-0.0.0-py3.10.egg-info' (and everything under it)
[3.190s] Copying ../../build/dummy_description/dummy_description.egg-info to /mnt/c/Users/luism/Documents/PhD/dummy_v2/workspace/install/dummy_description/lib/python3.10/site-packages/dummy_description-0.0.0-py3.10.egg-info
[3.299s] running install_scripts
[3.394s] writing list of installed files to '/mnt/c/Users/luism/Documents/PhD/dummy_v2/workspace/build/dummy_description/install.log'
[3.418s] Invoked command in '/mnt/c/Users/luism/Documents/PhD/dummy_v2/workspace/src/dummy_description' returned '0': PYTHONPATH=/mnt/c/Users/luism/Documents/PhD/dummy_v2/workspace/build/dummy_description/prefix_override:/usr/lib/python3/dist-packages/colcon_core/task/python/colcon_distutils_commands:/mnt/c/Users/luism/Documents/PhD/dummy_v2/workspace/install/dummy_description/lib/python3.10/site-packages:${PYTHONPATH} WSLENV=ELECTRON_RUN_AS_NODE/w:WT_SESSION:WT_PROFILE_ID: /usr/bin/python3 -W ignore:setup.py install is deprecated setup.py egg_info --egg-base ../../build/dummy_description build --build-base /mnt/c/Users/luism/Documents/PhD/dummy_v2/workspace/build/dummy_description/build install --record /mnt/c/Users/luism/Documents/PhD/dummy_v2/workspace/build/dummy_description/install.log --install-scripts $base/lib/dummy_description --single-version-externally-managed install_data
