/mnt/c/Users/luism/Documents/PhD/dummy_v2/workspace/install/dummy_description/lib/python3.10/site-packages/dummy_description/__init__.py
/mnt/c/Users/luism/Documents/PhD/dummy_v2/workspace/install/dummy_description/lib/python3.10/site-packages/dummy_description/__pycache__/__init__.cpython-310.pyc
/mnt/c/Users/luism/Documents/PhD/dummy_v2/workspace/install/dummy_description/share/ament_index/resource_index/packages/dummy_description
/mnt/c/Users/luism/Documents/PhD/dummy_v2/workspace/install/dummy_description/share/dummy_description/package.xml
/mnt/c/Users/luism/Documents/PhD/dummy_v2/workspace/install/dummy_description/share/dummy_description/launch/display.launch.py
/mnt/c/Users/luism/Documents/PhD/dummy_v2/workspace/install/dummy_description/share/dummy_description/launch/gazebo.launch.py
/mnt/c/Users/luism/Documents/PhD/dummy_v2/workspace/install/dummy_description/share/dummy_description/urdf/dummy.gazebo
/mnt/c/Users/luism/Documents/PhD/dummy_v2/workspace/install/dummy_description/share/dummy_description/urdf/dummy.trans
/mnt/c/Users/luism/Documents/PhD/dummy_v2/workspace/install/dummy_description/share/dummy_description/urdf/dummy.xacro
/mnt/c/Users/luism/Documents/PhD/dummy_v2/workspace/install/dummy_description/share/dummy_description/urdf/materials.xacro
/mnt/c/Users/luism/Documents/PhD/dummy_v2/workspace/install/dummy_description/share/dummy_description/meshes/1375K176_MXL SERIES TIMING BELT PULLEY (1).stl
/mnt/c/Users/luism/Documents/PhD/dummy_v2/workspace/install/dummy_description/share/dummy_description/meshes/1375K176_MXL SERIES TIMING BELT PULLEY (2).stl
/mnt/c/Users/luism/Documents/PhD/dummy_v2/workspace/install/dummy_description/share/dummy_description/meshes/1375K176_MXL SERIES TIMING BELT PULLEY (3).stl
/mnt/c/Users/luism/Documents/PhD/dummy_v2/workspace/install/dummy_description/share/dummy_description/meshes/1375K176_MXL SERIES TIMING BELT PULLEY.stl
/mnt/c/Users/luism/Documents/PhD/dummy_v2/workspace/install/dummy_description/share/dummy_description/meshes/1375K179_MXL SERIES TIMING BELT PULLEY (1).stl
/mnt/c/Users/luism/Documents/PhD/dummy_v2/workspace/install/dummy_description/share/dummy_description/meshes/1375K179_MXL SERIES TIMING BELT PULLEY.stl
/mnt/c/Users/luism/Documents/PhD/dummy_v2/workspace/install/dummy_description/share/dummy_description/meshes/2 (3) (1) (1).stl
/mnt/c/Users/luism/Documents/PhD/dummy_v2/workspace/install/dummy_description/share/dummy_description/meshes/2GT-16T-3mm v1 (1).stl
/mnt/c/Users/luism/Documents/PhD/dummy_v2/workspace/install/dummy_description/share/dummy_description/meshes/2GT-16T-3mm v1 (2).stl
/mnt/c/Users/luism/Documents/PhD/dummy_v2/workspace/install/dummy_description/share/dummy_description/meshes/2GT-16T-3mm v1 (3).stl
/mnt/c/Users/luism/Documents/PhD/dummy_v2/workspace/install/dummy_description/share/dummy_description/meshes/2GT-16T-3mm v1.stl
/mnt/c/Users/luism/Documents/PhD/dummy_v2/workspace/install/dummy_description/share/dummy_description/meshes/2GT-T20-3mm v1 (1).stl
/mnt/c/Users/luism/Documents/PhD/dummy_v2/workspace/install/dummy_description/share/dummy_description/meshes/2GT-T20-3mm v1.stl
/mnt/c/Users/luism/Documents/PhD/dummy_v2/workspace/install/dummy_description/share/dummy_description/meshes/3D打印件.stl
/mnt/c/Users/luism/Documents/PhD/dummy_v2/workspace/install/dummy_description/share/dummy_description/meshes/base_link.stl
/mnt/c/Users/luism/Documents/PhD/dummy_v2/workspace/install/dummy_description/share/dummy_description/meshes/box.stl
/mnt/c/Users/luism/Documents/PhD/dummy_v2/workspace/install/dummy_description/share/dummy_description/meshes/CSF-8-30-1U v2 (1).stl
/mnt/c/Users/luism/Documents/PhD/dummy_v2/workspace/install/dummy_description/share/dummy_description/meshes/CSF-8-30-1U v2.stl
/mnt/c/Users/luism/Documents/PhD/dummy_v2/workspace/install/dummy_description/share/dummy_description/meshes/eww (3) (1) (1).stl
/mnt/c/Users/luism/Documents/PhD/dummy_v2/workspace/install/dummy_description/share/dummy_description/meshes/Joint1_1.stl
/mnt/c/Users/luism/Documents/PhD/dummy_v2/workspace/install/dummy_description/share/dummy_description/meshes/Joint2_3.stl
/mnt/c/Users/luism/Documents/PhD/dummy_v2/workspace/install/dummy_description/share/dummy_description/meshes/Joint4_1.stl
/mnt/c/Users/luism/Documents/PhD/dummy_v2/workspace/install/dummy_description/share/dummy_description/meshes/Joint5_1.stl
/mnt/c/Users/luism/Documents/PhD/dummy_v2/workspace/install/dummy_description/share/dummy_description/meshes/Joint6_1.stl
/mnt/c/Users/luism/Documents/PhD/dummy_v2/workspace/install/dummy_description/share/dummy_description/meshes/led.stl
/mnt/c/Users/luism/Documents/PhD/dummy_v2/workspace/install/dummy_description/share/dummy_description/meshes/Nema 17_Slim.stl
/mnt/c/Users/luism/Documents/PhD/dummy_v2/workspace/install/dummy_description/share/dummy_description/meshes/Nema17 Slim Stepper Motor v1.stl
/mnt/c/Users/luism/Documents/PhD/dummy_v2/workspace/install/dummy_description/share/dummy_description/meshes/Nema17 Stepper Motor v1.stl
/mnt/c/Users/luism/Documents/PhD/dummy_v2/workspace/install/dummy_description/share/dummy_description/meshes/P3 (3) (1) (1).stl
/mnt/c/Users/luism/Documents/PhD/dummy_v2/workspace/install/dummy_description/share/dummy_description/meshes/P5 (1) (1) (1) (1).stl
/mnt/c/Users/luism/Documents/PhD/dummy_v2/workspace/install/dummy_description/share/dummy_description/meshes/PK513PA-H50S v1.stl
/mnt/c/Users/luism/Documents/PhD/dummy_v2/workspace/install/dummy_description/share/dummy_description/meshes/PK513PA-H50S v2 (1).stl
/mnt/c/Users/luism/Documents/PhD/dummy_v2/workspace/install/dummy_description/share/dummy_description/meshes/protector1.stl
/mnt/c/Users/luism/Documents/PhD/dummy_v2/workspace/install/dummy_description/share/dummy_description/meshes/protector2.stl
/mnt/c/Users/luism/Documents/PhD/dummy_v2/workspace/install/dummy_description/share/dummy_description/meshes/protector3.stl
/mnt/c/Users/luism/Documents/PhD/dummy_v2/workspace/install/dummy_description/share/dummy_description/meshes/SH03W_KORP (3) (1) (1).stl
/mnt/c/Users/luism/Documents/PhD/dummy_v2/workspace/install/dummy_description/share/dummy_description/meshes/SHXX_PIN_(1) (3) (1) (1).stl
/mnt/c/Users/luism/Documents/PhD/dummy_v2/workspace/install/dummy_description/share/dummy_description/meshes/SHXX_PIN_2 (3) (1) (1).stl
/mnt/c/Users/luism/Documents/PhD/dummy_v2/workspace/install/dummy_description/share/dummy_description/meshes/金属件.stl
/mnt/c/Users/luism/Documents/PhD/dummy_v2/workspace/install/dummy_description/share/dummy_description/config/display.rviz
/mnt/c/Users/luism/Documents/PhD/dummy_v2/workspace/install/dummy_description/lib/python3.10/site-packages/dummy_description-0.0.0-py3.10.egg-info/dependency_links.txt
/mnt/c/Users/luism/Documents/PhD/dummy_v2/workspace/install/dummy_description/lib/python3.10/site-packages/dummy_description-0.0.0-py3.10.egg-info/PKG-INFO
/mnt/c/Users/luism/Documents/PhD/dummy_v2/workspace/install/dummy_description/lib/python3.10/site-packages/dummy_description-0.0.0-py3.10.egg-info/requires.txt
/mnt/c/Users/luism/Documents/PhD/dummy_v2/workspace/install/dummy_description/lib/python3.10/site-packages/dummy_description-0.0.0-py3.10.egg-info/SOURCES.txt
/mnt/c/Users/luism/Documents/PhD/dummy_v2/workspace/install/dummy_description/lib/python3.10/site-packages/dummy_description-0.0.0-py3.10.egg-info/top_level.txt
/mnt/c/Users/luism/Documents/PhD/dummy_v2/workspace/install/dummy_description/lib/python3.10/site-packages/dummy_description-0.0.0-py3.10.egg-info/zip-safe
