[1.188s] Invoking command in '/mnt/c/Users/luism/Documents/PhD/dummy_v2/workspace/src/dummy_description': PYTHONPATH=/mnt/c/Users/luism/Documents/PhD/dummy_v2/workspace/build/dummy_description/prefix_override:/usr/lib/python3/dist-packages/colcon_core/task/python/colcon_distutils_commands:/mnt/c/Users/luism/Documents/PhD/dummy_v2/workspace/install/dummy_description/lib/python3.10/site-packages: WSLENV=ELECTRON_RUN_AS_NODE/w:WT_SESSION:WT_PROFILE_ID: /usr/bin/python3 -W ignore:setup.py install is deprecated setup.py egg_info --egg-base ../../build/dummy_description build --build-base /mnt/c/Users/luism/Documents/PhD/dummy_v2/workspace/build/dummy_description/build install --record /mnt/c/Users/luism/Documents/PhD/dummy_v2/workspace/build/dummy_description/install.log --install-scripts $base/lib/dummy_description --single-version-externally-managed install_data
[1.603s] /home/rhobtor/.local/lib/python3.10/site-packages/setuptools/dist.py:771: UserWarning: Usage of dash-separated 'script-dir' will not be supported in future versions. Please use the underscore name 'script_dir' instead
[1.604s]   warnings.warn(
[1.679s] running egg_info
[1.692s] writing ../../build/dummy_description/dummy_description.egg-info/PKG-INFO
[1.697s] writing dependency_links to ../../build/dummy_description/dummy_description.egg-info/dependency_links.txt
[1.705s] writing requirements to ../../build/dummy_description/dummy_description.egg-info/requires.txt
[1.708s] writing top-level names to ../../build/dummy_description/dummy_description.egg-info/top_level.txt
[1.794s] reading manifest file '../../build/dummy_description/dummy_description.egg-info/SOURCES.txt'
[1.874s] writing manifest file '../../build/dummy_description/dummy_description.egg-info/SOURCES.txt'
[1.876s] running build
[1.877s] running build_py
[1.899s] running install
[1.906s] running install_lib
[1.962s] running install_data
[1.994s] copying launch/gazebo.launch.py -> /mnt/c/Users/luism/Documents/PhD/dummy_v2/workspace/install/dummy_description/share/dummy_description/launch
[2.403s] running install_egg_info
[2.417s] removing '/mnt/c/Users/luism/Documents/PhD/dummy_v2/workspace/install/dummy_description/lib/python3.10/site-packages/dummy_description-0.0.0-py3.10.egg-info' (and everything under it)
[2.442s] Copying ../../build/dummy_description/dummy_description.egg-info to /mnt/c/Users/luism/Documents/PhD/dummy_v2/workspace/install/dummy_description/lib/python3.10/site-packages/dummy_description-0.0.0-py3.10.egg-info
[2.551s] running install_scripts
[2.607s] writing list of installed files to '/mnt/c/Users/luism/Documents/PhD/dummy_v2/workspace/build/dummy_description/install.log'
[2.632s] Invoked command in '/mnt/c/Users/luism/Documents/PhD/dummy_v2/workspace/src/dummy_description' returned '0': PYTHONPATH=/mnt/c/Users/luism/Documents/PhD/dummy_v2/workspace/build/dummy_description/prefix_override:/usr/lib/python3/dist-packages/colcon_core/task/python/colcon_distutils_commands:/mnt/c/Users/luism/Documents/PhD/dummy_v2/workspace/install/dummy_description/lib/python3.10/site-packages: WSLENV=ELECTRON_RUN_AS_NODE/w:WT_SESSION:WT_PROFILE_ID: /usr/bin/python3 -W ignore:setup.py install is deprecated setup.py egg_info --egg-base ../../build/dummy_description build --build-base /mnt/c/Users/luism/Documents/PhD/dummy_v2/workspace/build/dummy_description/build install --record /mnt/c/Users/luism/Documents/PhD/dummy_v2/workspace/build/dummy_description/install.log --install-scripts $base/lib/dummy_description --single-version-externally-managed install_data
