running egg_info
creating ../../build/dummy_description/dummy_description.egg-info
writing ../../build/dummy_description/dummy_description.egg-info/PKG-INFO
writing dependency_links to ../../build/dummy_description/dummy_description.egg-info/dependency_links.txt
writing requirements to ../../build/dummy_description/dummy_description.egg-info/requires.txt
writing top-level names to ../../build/dummy_description/dummy_description.egg-info/top_level.txt
writing manifest file '../../build/dummy_description/dummy_description.egg-info/SOURCES.txt'
reading manifest file '../../build/dummy_description/dummy_description.egg-info/SOURCES.txt'
writing manifest file '../../build/dummy_description/dummy_description.egg-info/SOURCES.txt'
running build
running build_py
creating /mnt/c/Users/luism/Documents/PhD/dummy_v2/workspace/build/dummy_description/build
creating /mnt/c/Users/luism/Documents/PhD/dummy_v2/workspace/build/dummy_description/build/lib
creating /mnt/c/Users/luism/Documents/PhD/dummy_v2/workspace/build/dummy_description/build/lib/dummy_description
copying dummy_description/__init__.py -> /mnt/c/Users/luism/Documents/PhD/dummy_v2/workspace/build/dummy_description/build/lib/dummy_description
running install
running install_lib
creating /mnt/c/Users/luism/Documents/PhD/dummy_v2/workspace/install/dummy_description/lib/python3.10/site-packages/dummy_description
copying /mnt/c/Users/luism/Documents/PhD/dummy_v2/workspace/build/dummy_description/build/lib/dummy_description/__init__.py -> /mnt/c/Users/luism/Documents/PhD/dummy_v2/workspace/install/dummy_description/lib/python3.10/site-packages/dummy_description
byte-compiling /mnt/c/Users/luism/Documents/PhD/dummy_v2/workspace/install/dummy_description/lib/python3.10/site-packages/dummy_description/__init__.py to __init__.cpython-310.pyc
running install_data
creating /mnt/c/Users/luism/Documents/PhD/dummy_v2/workspace/install/dummy_description/share/ament_index
creating /mnt/c/Users/luism/Documents/PhD/dummy_v2/workspace/install/dummy_description/share/ament_index/resource_index
creating /mnt/c/Users/luism/Documents/PhD/dummy_v2/workspace/install/dummy_description/share/ament_index/resource_index/packages
copying resource/dummy_description -> /mnt/c/Users/luism/Documents/PhD/dummy_v2/workspace/install/dummy_description/share/ament_index/resource_index/packages
copying package.xml -> /mnt/c/Users/luism/Documents/PhD/dummy_v2/workspace/install/dummy_description/share/dummy_description
creating /mnt/c/Users/luism/Documents/PhD/dummy_v2/workspace/install/dummy_description/share/dummy_description/launch
copying launch/display.launch.py -> /mnt/c/Users/luism/Documents/PhD/dummy_v2/workspace/install/dummy_description/share/dummy_description/launch
copying launch/gazebo.launch.py -> /mnt/c/Users/luism/Documents/PhD/dummy_v2/workspace/install/dummy_description/share/dummy_description/launch
creating /mnt/c/Users/luism/Documents/PhD/dummy_v2/workspace/install/dummy_description/share/dummy_description/urdf
copying urdf/dummy.gazebo -> /mnt/c/Users/luism/Documents/PhD/dummy_v2/workspace/install/dummy_description/share/dummy_description/urdf
copying urdf/dummy.trans -> /mnt/c/Users/luism/Documents/PhD/dummy_v2/workspace/install/dummy_description/share/dummy_description/urdf
copying urdf/dummy.xacro -> /mnt/c/Users/luism/Documents/PhD/dummy_v2/workspace/install/dummy_description/share/dummy_description/urdf
copying urdf/materials.xacro -> /mnt/c/Users/luism/Documents/PhD/dummy_v2/workspace/install/dummy_description/share/dummy_description/urdf
creating /mnt/c/Users/luism/Documents/PhD/dummy_v2/workspace/install/dummy_description/share/dummy_description/meshes
copying meshes/1375K176_MXL SERIES TIMING BELT PULLEY (1).stl -> /mnt/c/Users/luism/Documents/PhD/dummy_v2/workspace/install/dummy_description/share/dummy_description/meshes
copying meshes/1375K176_MXL SERIES TIMING BELT PULLEY (2).stl -> /mnt/c/Users/luism/Documents/PhD/dummy_v2/workspace/install/dummy_description/share/dummy_description/meshes
copying meshes/1375K176_MXL SERIES TIMING BELT PULLEY (3).stl -> /mnt/c/Users/luism/Documents/PhD/dummy_v2/workspace/install/dummy_description/share/dummy_description/meshes
copying meshes/1375K176_MXL SERIES TIMING BELT PULLEY.stl -> /mnt/c/Users/luism/Documents/PhD/dummy_v2/workspace/install/dummy_description/share/dummy_description/meshes
copying meshes/1375K179_MXL SERIES TIMING BELT PULLEY (1).stl -> /mnt/c/Users/luism/Documents/PhD/dummy_v2/workspace/install/dummy_description/share/dummy_description/meshes
copying meshes/1375K179_MXL SERIES TIMING BELT PULLEY.stl -> /mnt/c/Users/luism/Documents/PhD/dummy_v2/workspace/install/dummy_description/share/dummy_description/meshes
copying meshes/2 (3) (1) (1).stl -> /mnt/c/Users/luism/Documents/PhD/dummy_v2/workspace/install/dummy_description/share/dummy_description/meshes
copying meshes/2GT-16T-3mm v1 (1).stl -> /mnt/c/Users/luism/Documents/PhD/dummy_v2/workspace/install/dummy_description/share/dummy_description/meshes
copying meshes/2GT-16T-3mm v1 (2).stl -> /mnt/c/Users/luism/Documents/PhD/dummy_v2/workspace/install/dummy_description/share/dummy_description/meshes
copying meshes/2GT-16T-3mm v1 (3).stl -> /mnt/c/Users/luism/Documents/PhD/dummy_v2/workspace/install/dummy_description/share/dummy_description/meshes
copying meshes/2GT-16T-3mm v1.stl -> /mnt/c/Users/luism/Documents/PhD/dummy_v2/workspace/install/dummy_description/share/dummy_description/meshes
copying meshes/2GT-T20-3mm v1 (1).stl -> /mnt/c/Users/luism/Documents/PhD/dummy_v2/workspace/install/dummy_description/share/dummy_description/meshes
copying meshes/2GT-T20-3mm v1.stl -> /mnt/c/Users/luism/Documents/PhD/dummy_v2/workspace/install/dummy_description/share/dummy_description/meshes
copying meshes/3D打印件.stl -> /mnt/c/Users/luism/Documents/PhD/dummy_v2/workspace/install/dummy_description/share/dummy_description/meshes
copying meshes/base_link.stl -> /mnt/c/Users/luism/Documents/PhD/dummy_v2/workspace/install/dummy_description/share/dummy_description/meshes
copying meshes/box.stl -> /mnt/c/Users/luism/Documents/PhD/dummy_v2/workspace/install/dummy_description/share/dummy_description/meshes
copying meshes/CSF-8-30-1U v2 (1).stl -> /mnt/c/Users/luism/Documents/PhD/dummy_v2/workspace/install/dummy_description/share/dummy_description/meshes
copying meshes/CSF-8-30-1U v2.stl -> /mnt/c/Users/luism/Documents/PhD/dummy_v2/workspace/install/dummy_description/share/dummy_description/meshes
copying meshes/eww (3) (1) (1).stl -> /mnt/c/Users/luism/Documents/PhD/dummy_v2/workspace/install/dummy_description/share/dummy_description/meshes
copying meshes/Joint1_1.stl -> /mnt/c/Users/luism/Documents/PhD/dummy_v2/workspace/install/dummy_description/share/dummy_description/meshes
copying meshes/Joint2_&_Joint3_1.stl -> /mnt/c/Users/luism/Documents/PhD/dummy_v2/workspace/install/dummy_description/share/dummy_description/meshes
copying meshes/Joint4_1.stl -> /mnt/c/Users/luism/Documents/PhD/dummy_v2/workspace/install/dummy_description/share/dummy_description/meshes
copying meshes/Joint5_1.stl -> /mnt/c/Users/luism/Documents/PhD/dummy_v2/workspace/install/dummy_description/share/dummy_description/meshes
copying meshes/Joint6_1.stl -> /mnt/c/Users/luism/Documents/PhD/dummy_v2/workspace/install/dummy_description/share/dummy_description/meshes
copying meshes/led.stl -> /mnt/c/Users/luism/Documents/PhD/dummy_v2/workspace/install/dummy_description/share/dummy_description/meshes
copying meshes/Nema 17_Slim.stl -> /mnt/c/Users/luism/Documents/PhD/dummy_v2/workspace/install/dummy_description/share/dummy_description/meshes
copying meshes/Nema17 Slim Stepper Motor v1.stl -> /mnt/c/Users/luism/Documents/PhD/dummy_v2/workspace/install/dummy_description/share/dummy_description/meshes
copying meshes/Nema17 Stepper Motor v1.stl -> /mnt/c/Users/luism/Documents/PhD/dummy_v2/workspace/install/dummy_description/share/dummy_description/meshes
copying meshes/P3 (3) (1) (1).stl -> /mnt/c/Users/luism/Documents/PhD/dummy_v2/workspace/install/dummy_description/share/dummy_description/meshes
copying meshes/P5 (1) (1) (1) (1).stl -> /mnt/c/Users/luism/Documents/PhD/dummy_v2/workspace/install/dummy_description/share/dummy_description/meshes
copying meshes/PK513PA-H50S v1.stl -> /mnt/c/Users/luism/Documents/PhD/dummy_v2/workspace/install/dummy_description/share/dummy_description/meshes
copying meshes/PK513PA-H50S v2 (1).stl -> /mnt/c/Users/luism/Documents/PhD/dummy_v2/workspace/install/dummy_description/share/dummy_description/meshes
copying meshes/protector1.stl -> /mnt/c/Users/luism/Documents/PhD/dummy_v2/workspace/install/dummy_description/share/dummy_description/meshes
copying meshes/protector2.stl -> /mnt/c/Users/luism/Documents/PhD/dummy_v2/workspace/install/dummy_description/share/dummy_description/meshes
copying meshes/protector3.stl -> /mnt/c/Users/luism/Documents/PhD/dummy_v2/workspace/install/dummy_description/share/dummy_description/meshes
copying meshes/SH03W_KORP (3) (1) (1).stl -> /mnt/c/Users/luism/Documents/PhD/dummy_v2/workspace/install/dummy_description/share/dummy_description/meshes
copying meshes/SHXX_PIN_(1) (3) (1) (1).stl -> /mnt/c/Users/luism/Documents/PhD/dummy_v2/workspace/install/dummy_description/share/dummy_description/meshes
copying meshes/SHXX_PIN_2 (3) (1) (1).stl -> /mnt/c/Users/luism/Documents/PhD/dummy_v2/workspace/install/dummy_description/share/dummy_description/meshes
copying meshes/金属件.stl -> /mnt/c/Users/luism/Documents/PhD/dummy_v2/workspace/install/dummy_description/share/dummy_description/meshes
creating /mnt/c/Users/luism/Documents/PhD/dummy_v2/workspace/install/dummy_description/share/dummy_description/config
copying config/display.rviz -> /mnt/c/Users/luism/Documents/PhD/dummy_v2/workspace/install/dummy_description/share/dummy_description/config
running install_egg_info
Copying ../../build/dummy_description/dummy_description.egg-info to /mnt/c/Users/luism/Documents/PhD/dummy_v2/workspace/install/dummy_description/lib/python3.10/site-packages/dummy_description-0.0.0-py3.10.egg-info
running install_scripts
writing list of installed files to '/mnt/c/Users/luism/Documents/PhD/dummy_v2/workspace/build/dummy_description/install.log'
