[1.866s] Invoking command in '/mnt/c/Users/luism/Documents/PhD/dummy_v2/workspace/src/dummy_description': PYTHONPATH=/mnt/c/Users/luism/Documents/PhD/dummy_v2/workspace/build/dummy_description/prefix_override:/usr/lib/python3/dist-packages/colcon_core/task/python/colcon_distutils_commands:/mnt/c/Users/luism/Documents/PhD/dummy_v2/workspace/install/dummy_description/lib/python3.10/site-packages:${PYTHONPATH} /usr/bin/python3 -W ignore:setup.py install is deprecated setup.py egg_info --egg-base ../../build/dummy_description build --build-base /mnt/c/Users/luism/Documents/PhD/dummy_v2/workspace/build/dummy_description/build install --record /mnt/c/Users/luism/Documents/PhD/dummy_v2/workspace/build/dummy_description/install.log --install-scripts $base/lib/dummy_description --single-version-externally-managed install_data
[2.693s] /home/rhobtor/.local/lib/python3.10/site-packages/setuptools/dist.py:771: UserWarning: Usage of dash-separated 'script-dir' will not be supported in future versions. Please use the underscore name 'script_dir' instead
[2.693s]   warnings.warn(
[2.992s] running egg_info
[3.012s] writing ../../build/dummy_description/dummy_description.egg-info/PKG-INFO
[3.015s] writing dependency_links to ../../build/dummy_description/dummy_description.egg-info/dependency_links.txt
[3.020s] writing requirements to ../../build/dummy_description/dummy_description.egg-info/requires.txt
[3.022s] writing top-level names to ../../build/dummy_description/dummy_description.egg-info/top_level.txt
[3.152s] reading manifest file '../../build/dummy_description/dummy_description.egg-info/SOURCES.txt'
[3.266s] writing manifest file '../../build/dummy_description/dummy_description.egg-info/SOURCES.txt'
[3.268s] running build
[3.268s] running build_py
[3.276s] running install
[3.282s] running install_lib
[3.328s] running install_data
[3.349s] copying launch/gazebo.launch.py -> /mnt/c/Users/luism/Documents/PhD/dummy_v2/workspace/install/dummy_description/share/dummy_description/launch
[3.667s] running install_egg_info
[3.692s] removing '/mnt/c/Users/luism/Documents/PhD/dummy_v2/workspace/install/dummy_description/lib/python3.10/site-packages/dummy_description-0.0.0-py3.10.egg-info' (and everything under it)
[3.728s] Copying ../../build/dummy_description/dummy_description.egg-info to /mnt/c/Users/luism/Documents/PhD/dummy_v2/workspace/install/dummy_description/lib/python3.10/site-packages/dummy_description-0.0.0-py3.10.egg-info
[3.846s] running install_scripts
[3.935s] writing list of installed files to '/mnt/c/Users/luism/Documents/PhD/dummy_v2/workspace/build/dummy_description/install.log'
[3.957s] Invoked command in '/mnt/c/Users/luism/Documents/PhD/dummy_v2/workspace/src/dummy_description' returned '0': PYTHONPATH=/mnt/c/Users/luism/Documents/PhD/dummy_v2/workspace/build/dummy_description/prefix_override:/usr/lib/python3/dist-packages/colcon_core/task/python/colcon_distutils_commands:/mnt/c/Users/luism/Documents/PhD/dummy_v2/workspace/install/dummy_description/lib/python3.10/site-packages:${PYTHONPATH} /usr/bin/python3 -W ignore:setup.py install is deprecated setup.py egg_info --egg-base ../../build/dummy_description build --build-base /mnt/c/Users/luism/Documents/PhD/dummy_v2/workspace/build/dummy_description/build install --record /mnt/c/Users/luism/Documents/PhD/dummy_v2/workspace/build/dummy_description/install.log --install-scripts $base/lib/dummy_description --single-version-externally-managed install_data
